13:38:06.026 [main] INFO  c.a.n.c.e.SearchableProperties - [sortPropertySourceDefaultOrder,197] - properties search order:PROPERTIES->JVM->ENV->DEFAULT_SETTING
13:38:06.072 [background-preinit] INFO  o.h.v.i.util.Version - [<clinit>,21] - HV000001: Hibernate Validator 6.2.5.Final
13:38:06.346 [main] INFO  c.a.n.p.a.s.c.ClientAuthPluginManager - [init,56] - [ClientAuthPluginManager] Load ClientAuthService com.alibaba.nacos.client.auth.impl.NacosClientAuthServiceImpl success.
13:38:06.346 [main] INFO  c.a.n.p.a.s.c.ClientAuthPluginManager - [init,56] - [ClientAuthPluginManager] Load ClientAuthService com.alibaba.nacos.client.auth.ram.RamClientAuthServiceImpl success.
13:38:10.229 [main] INFO  c.r.s.RuoYiSystemApplication - [logStartupProfileInfo,638] - The following 1 profile is active: "dev"
13:38:12.827 [main] INFO  o.a.c.h.Http11NioProtocol - [log,173] - Initializing ProtocolHandler ["http-nio-9201"]
13:38:12.828 [main] INFO  o.a.c.c.StandardService - [log,173] - Starting service [Tomcat]
13:38:12.828 [main] INFO  o.a.c.c.StandardEngine - [log,173] - Starting Servlet engine: [Apache Tomcat/9.0.83]
13:38:12.994 [main] INFO  o.a.c.c.C.[.[.[/] - [log,173] - Initializing Spring embedded WebApplicationContext
13:38:15.247 [main] INFO  c.a.d.p.DruidDataSource - [init,1002] - {dataSource-1,master} inited
13:38:15.248 [main] INFO  c.b.d.d.DynamicRoutingDataSource - [addDataSource,160] - dynamic-datasource - add a datasource named [master] success
13:38:15.248 [main] INFO  c.b.d.d.DynamicRoutingDataSource - [afterPropertiesSet,243] - dynamic-datasource initial loaded [1] datasource,primary datasource named [master]
13:38:18.629 [main] INFO  c.a.c.s.SentinelWebMvcConfigurer - [addInterceptors,52] - [Sentinel Starter] register SentinelWebInterceptor with urlPatterns: [/**].
13:38:23.305 [main] INFO  o.a.c.h.Http11NioProtocol - [log,173] - Starting ProtocolHandler ["http-nio-9201"]
13:38:23.323 [main] INFO  c.a.n.p.a.s.c.ClientAuthPluginManager - [init,56] - [ClientAuthPluginManager] Load ClientAuthService com.alibaba.nacos.client.auth.impl.NacosClientAuthServiceImpl success.
13:38:23.324 [main] INFO  c.a.n.p.a.s.c.ClientAuthPluginManager - [init,56] - [ClientAuthPluginManager] Load ClientAuthService com.alibaba.nacos.client.auth.ram.RamClientAuthServiceImpl success.
13:38:23.546 [main] INFO  c.a.c.n.r.NacosServiceRegistry - [register,76] - nacos registry, dev ruoyi-system 192.168.101.1:9201 register finished
13:38:25.479 [main] INFO  c.r.s.RuoYiSystemApplication - [logStarted,61] - Started RuoYiSystemApplication in 22.014 seconds (JVM running for 23.751)
13:38:25.499 [main] INFO  c.a.c.n.r.NacosContextRefresher - [registerNacosListener,129] - [Nacos Config] Listening config: dataId=ruoyi-system-dev.yml, group=dev
13:38:25.499 [main] INFO  c.a.c.n.r.NacosContextRefresher - [registerNacosListener,129] - [Nacos Config] Listening config: dataId=ruoyi-system.yml, group=dev
13:38:25.500 [main] INFO  c.a.c.n.r.NacosContextRefresher - [registerNacosListener,129] - [Nacos Config] Listening config: dataId=ruoyi-system, group=dev
13:38:26.244 [RMI TCP Connection(4)-192.168.101.1] INFO  o.a.c.c.C.[.[.[/] - [log,173] - Initializing Spring DispatcherServlet 'dispatcherServlet'
15:25:11.778 [http-nio-9201-exec-6] INFO  o.a.t.u.h.p.Cookie - [log,173] - A cookie header was received [Hm_lvt_8b02a318fde5831da10426656a43d03c=1716968486,1717489325,1717593718,1717683155;] that contained an invalid cookie. That cookie will be ignored.
 Note: further occurrences of this error will be logged at DEBUG level.
21:38:45.447 [main] INFO  c.a.n.c.e.SearchableProperties - [sortPropertySourceDefaultOrder,197] - properties search order:PROPERTIES->JVM->ENV->DEFAULT_SETTING
21:38:45.491 [background-preinit] INFO  o.h.v.i.util.Version - [<clinit>,21] - HV000001: Hibernate Validator 6.2.5.Final
21:38:45.760 [main] INFO  c.a.n.p.a.s.c.ClientAuthPluginManager - [init,56] - [ClientAuthPluginManager] Load ClientAuthService com.alibaba.nacos.client.auth.impl.NacosClientAuthServiceImpl success.
21:38:45.760 [main] INFO  c.a.n.p.a.s.c.ClientAuthPluginManager - [init,56] - [ClientAuthPluginManager] Load ClientAuthService com.alibaba.nacos.client.auth.ram.RamClientAuthServiceImpl success.
21:38:49.512 [main] INFO  c.s.a.SystemAccountApplication - [logStartupProfileInfo,638] - The following 1 profile is active: "dev"
21:38:52.269 [main] INFO  i.s.s.b.a.SeataAutoConfiguration - [globalTransactionScanner,63] - Automatically configure Seata
21:38:52.340 [main] INFO  i.s.c.ConfigurationFactory - [load,69] - load Configuration from :Spring Configuration
21:38:52.359 [main] INFO  c.a.n.p.a.s.c.ClientAuthPluginManager - [init,56] - [ClientAuthPluginManager] Load ClientAuthService com.alibaba.nacos.client.auth.impl.NacosClientAuthServiceImpl success.
21:38:52.359 [main] INFO  c.a.n.p.a.s.c.ClientAuthPluginManager - [init,56] - [ClientAuthPluginManager] Load ClientAuthService com.alibaba.nacos.client.auth.ram.RamClientAuthServiceImpl success.
21:38:52.799 [main] INFO  i.s.s.a.GlobalTransactionScanner - [initClient,208] - Initializing Global Transaction Clients ... 
21:38:53.204 [main] INFO  i.s.c.r.n.NettyClientBootstrap - [start,147] - NettyClientBootstrap has started
21:38:53.451 [main] INFO  i.s.s.a.GlobalTransactionScanner - [initClient,222] - Transaction Manager Client is initialized. applicationId[system-account] txServiceGroup[system-account-group]
21:38:53.536 [main] INFO  i.s.r.d.AsyncWorker - [<init>,73] - Async Commit Buffer Limit: 10000
21:38:53.537 [main] INFO  i.s.r.d.x.ResourceManagerXA - [init,59] - ResourceManagerXA init ...
21:38:53.546 [main] INFO  i.s.c.r.n.NettyClientBootstrap - [start,147] - NettyClientBootstrap has started
21:38:53.546 [main] INFO  i.s.s.a.GlobalTransactionScanner - [initClient,227] - Resource Manager is initialized. applicationId[system-account] txServiceGroup[system-account-group]
21:38:53.547 [main] INFO  i.s.s.a.GlobalTransactionScanner - [initClient,231] - Global Transaction Clients are initialized. 
21:44:09.232 [main] INFO  c.a.n.c.e.SearchableProperties - [sortPropertySourceDefaultOrder,197] - properties search order:PROPERTIES->JVM->ENV->DEFAULT_SETTING
21:44:09.275 [background-preinit] INFO  o.h.v.i.util.Version - [<clinit>,21] - HV000001: Hibernate Validator 6.2.5.Final
21:44:09.532 [main] INFO  c.a.n.p.a.s.c.ClientAuthPluginManager - [init,56] - [ClientAuthPluginManager] Load ClientAuthService com.alibaba.nacos.client.auth.impl.NacosClientAuthServiceImpl success.
21:44:09.533 [main] INFO  c.a.n.p.a.s.c.ClientAuthPluginManager - [init,56] - [ClientAuthPluginManager] Load ClientAuthService com.alibaba.nacos.client.auth.ram.RamClientAuthServiceImpl success.
21:44:13.062 [main] INFO  c.s.a.SystemAccountApplication - [logStartupProfileInfo,638] - The following 1 profile is active: "dev"
21:44:14.599 [main] INFO  i.s.s.b.a.SeataAutoConfiguration - [globalTransactionScanner,63] - Automatically configure Seata
21:44:14.658 [main] INFO  i.s.c.ConfigurationFactory - [load,69] - load Configuration from :Spring Configuration
21:44:14.662 [main] INFO  i.s.c.ConfigurationFactory - [buildConfiguration,121] - load Configuration from :Spring Configuration
21:44:14.822 [main] INFO  i.s.s.a.GlobalTransactionScanner - [initClient,208] - Initializing Global Transaction Clients ... 
21:44:14.870 [main] INFO  i.s.c.r.n.NettyClientBootstrap - [start,147] - NettyClientBootstrap has started
21:44:14.886 [main] INFO  i.s.c.r.n.NettyClientChannelManager - [acquireChannel,108] - will connect to 127.0.0.1:8091
21:44:15.167 [main] INFO  i.s.c.r.n.NettyPoolableFactory - [makeObject,56] - NettyPool create channel to transactionRole:TMROLE,address:127.0.0.1:8091,msg:< RegisterTMRequest{applicationId='system-account', transactionServiceGroup='default_tx_group'} >
21:44:17.542 [main] INFO  i.s.s.a.GlobalTransactionScanner - [initClient,222] - Transaction Manager Client is initialized. applicationId[system-account] txServiceGroup[default_tx_group]
21:44:17.545 [NettyClientSelector_TMROLE_1_1] INFO  i.s.c.r.n.AbstractNettyRemotingClient - [close,488] - ChannelHandlerContext(AbstractNettyRemotingClient$ClientHandler#0, [id: 0xf9736d2c]) will closed
21:44:17.554 [main] INFO  i.s.r.d.AsyncWorker - [<init>,73] - Async Commit Buffer Limit: 10000
21:44:17.555 [main] INFO  i.s.r.d.x.ResourceManagerXA - [init,59] - ResourceManagerXA init ...
21:44:17.562 [main] INFO  i.s.c.r.n.NettyClientBootstrap - [start,147] - NettyClientBootstrap has started
21:44:17.562 [main] INFO  i.s.s.a.GlobalTransactionScanner - [initClient,227] - Resource Manager is initialized. applicationId[system-account] txServiceGroup[default_tx_group]
21:44:17.562 [main] INFO  i.s.s.a.GlobalTransactionScanner - [initClient,231] - Global Transaction Clients are initialized. 
21:44:18.095 [main] INFO  o.a.c.h.Http11NioProtocol - [log,173] - Initializing ProtocolHandler ["http-nio-9301"]
21:44:18.097 [main] INFO  o.a.c.c.StandardService - [log,173] - Starting service [Tomcat]
21:44:18.097 [main] INFO  o.a.c.c.StandardEngine - [log,173] - Starting Servlet engine: [Apache Tomcat/9.0.83]
21:44:18.388 [main] INFO  o.a.c.c.C.[.[.[/] - [log,173] - Initializing Spring embedded WebApplicationContext
21:44:18.548 [main] INFO  o.a.c.c.StandardService - [log,173] - Stopping service [Tomcat]
21:46:59.228 [main] INFO  c.a.n.c.e.SearchableProperties - [sortPropertySourceDefaultOrder,197] - properties search order:PROPERTIES->JVM->ENV->DEFAULT_SETTING
21:46:59.271 [background-preinit] INFO  o.h.v.i.util.Version - [<clinit>,21] - HV000001: Hibernate Validator 6.2.5.Final
21:46:59.523 [main] INFO  c.a.n.p.a.s.c.ClientAuthPluginManager - [init,56] - [ClientAuthPluginManager] Load ClientAuthService com.alibaba.nacos.client.auth.impl.NacosClientAuthServiceImpl success.
21:46:59.523 [main] INFO  c.a.n.p.a.s.c.ClientAuthPluginManager - [init,56] - [ClientAuthPluginManager] Load ClientAuthService com.alibaba.nacos.client.auth.ram.RamClientAuthServiceImpl success.
21:47:03.081 [main] INFO  c.s.a.SystemAccountApplication - [logStartupProfileInfo,638] - The following 1 profile is active: "dev"
21:47:04.644 [main] INFO  i.s.s.b.a.SeataAutoConfiguration - [globalTransactionScanner,63] - Automatically configure Seata
21:47:04.708 [main] INFO  i.s.c.ConfigurationFactory - [load,69] - load Configuration from :Spring Configuration
21:47:04.713 [main] INFO  i.s.c.ConfigurationFactory - [buildConfiguration,121] - load Configuration from :Spring Configuration
21:47:04.878 [main] INFO  i.s.s.a.GlobalTransactionScanner - [initClient,208] - Initializing Global Transaction Clients ... 
21:47:04.927 [main] INFO  i.s.c.r.n.NettyClientBootstrap - [start,147] - NettyClientBootstrap has started
21:47:04.940 [main] INFO  i.s.c.r.n.NettyClientChannelManager - [acquireChannel,108] - will connect to 127.0.0.1:8091
21:47:05.217 [main] INFO  i.s.c.r.n.NettyPoolableFactory - [makeObject,56] - NettyPool create channel to transactionRole:TMROLE,address:127.0.0.1:8091,msg:< RegisterTMRequest{applicationId='system-account', transactionServiceGroup='default_tx_group'} >
21:47:07.638 [main] INFO  i.s.s.a.GlobalTransactionScanner - [initClient,222] - Transaction Manager Client is initialized. applicationId[system-account] txServiceGroup[default_tx_group]
21:47:07.641 [NettyClientSelector_TMROLE_1_1] INFO  i.s.c.r.n.AbstractNettyRemotingClient - [close,488] - ChannelHandlerContext(AbstractNettyRemotingClient$ClientHandler#0, [id: 0x0a5a6890]) will closed
21:47:07.650 [main] INFO  i.s.r.d.AsyncWorker - [<init>,73] - Async Commit Buffer Limit: 10000
21:47:07.650 [main] INFO  i.s.r.d.x.ResourceManagerXA - [init,59] - ResourceManagerXA init ...
21:47:07.658 [main] INFO  i.s.c.r.n.NettyClientBootstrap - [start,147] - NettyClientBootstrap has started
21:47:07.659 [main] INFO  i.s.s.a.GlobalTransactionScanner - [initClient,227] - Resource Manager is initialized. applicationId[system-account] txServiceGroup[default_tx_group]
21:47:07.659 [main] INFO  i.s.s.a.GlobalTransactionScanner - [initClient,231] - Global Transaction Clients are initialized. 
21:47:08.189 [main] INFO  o.a.c.h.Http11NioProtocol - [log,173] - Initializing ProtocolHandler ["http-nio-9301"]
21:47:08.190 [main] INFO  o.a.c.c.StandardService - [log,173] - Starting service [Tomcat]
21:47:08.190 [main] INFO  o.a.c.c.StandardEngine - [log,173] - Starting Servlet engine: [Apache Tomcat/9.0.83]
21:47:08.495 [main] INFO  o.a.c.c.C.[.[.[/] - [log,173] - Initializing Spring embedded WebApplicationContext
21:47:08.661 [main] INFO  o.a.c.c.StandardService - [log,173] - Stopping service [Tomcat]
21:50:31.730 [main] INFO  c.a.n.c.e.SearchableProperties - [sortPropertySourceDefaultOrder,197] - properties search order:PROPERTIES->JVM->ENV->DEFAULT_SETTING
21:50:31.772 [background-preinit] INFO  o.h.v.i.util.Version - [<clinit>,21] - HV000001: Hibernate Validator 6.2.5.Final
21:50:32.020 [main] INFO  c.a.n.p.a.s.c.ClientAuthPluginManager - [init,56] - [ClientAuthPluginManager] Load ClientAuthService com.alibaba.nacos.client.auth.impl.NacosClientAuthServiceImpl success.
21:50:32.020 [main] INFO  c.a.n.p.a.s.c.ClientAuthPluginManager - [init,56] - [ClientAuthPluginManager] Load ClientAuthService com.alibaba.nacos.client.auth.ram.RamClientAuthServiceImpl success.
21:50:35.570 [main] INFO  c.s.a.SystemAccountApplication - [logStartupProfileInfo,638] - The following 1 profile is active: "dev"
21:50:37.083 [main] INFO  i.s.s.b.a.SeataAutoConfiguration - [globalTransactionScanner,63] - Automatically configure Seata
21:50:37.141 [main] INFO  i.s.c.ConfigurationFactory - [load,69] - load Configuration from :Spring Configuration
21:50:37.155 [main] INFO  c.a.n.p.a.s.c.ClientAuthPluginManager - [init,56] - [ClientAuthPluginManager] Load ClientAuthService com.alibaba.nacos.client.auth.impl.NacosClientAuthServiceImpl success.
21:50:37.155 [main] INFO  c.a.n.p.a.s.c.ClientAuthPluginManager - [init,56] - [ClientAuthPluginManager] Load ClientAuthService com.alibaba.nacos.client.auth.ram.RamClientAuthServiceImpl success.
21:50:37.566 [main] INFO  i.s.s.a.GlobalTransactionScanner - [initClient,208] - Initializing Global Transaction Clients ... 
21:50:37.976 [main] INFO  i.s.c.r.n.NettyClientBootstrap - [start,147] - NettyClientBootstrap has started
21:50:38.211 [main] INFO  i.s.s.a.GlobalTransactionScanner - [initClient,222] - Transaction Manager Client is initialized. applicationId[system-account] txServiceGroup[system-account-group]
21:50:38.299 [main] INFO  i.s.r.d.AsyncWorker - [<init>,73] - Async Commit Buffer Limit: 10000
21:50:38.299 [main] INFO  i.s.r.d.x.ResourceManagerXA - [init,59] - ResourceManagerXA init ...
21:50:38.307 [main] INFO  i.s.c.r.n.NettyClientBootstrap - [start,147] - NettyClientBootstrap has started
21:50:38.308 [main] INFO  i.s.s.a.GlobalTransactionScanner - [initClient,227] - Resource Manager is initialized. applicationId[system-account] txServiceGroup[system-account-group]
21:50:38.308 [main] INFO  i.s.s.a.GlobalTransactionScanner - [initClient,231] - Global Transaction Clients are initialized. 
21:50:38.831 [main] INFO  o.a.c.h.Http11NioProtocol - [log,173] - Initializing ProtocolHandler ["http-nio-9301"]
21:50:38.833 [main] INFO  o.a.c.c.StandardService - [log,173] - Starting service [Tomcat]
21:50:38.833 [main] INFO  o.a.c.c.StandardEngine - [log,173] - Starting Servlet engine: [Apache Tomcat/9.0.83]
21:50:39.019 [main] INFO  o.a.c.c.C.[.[.[/] - [log,173] - Initializing Spring embedded WebApplicationContext
21:50:41.151 [main] INFO  c.a.d.p.DruidDataSource - [init,1002] - {dataSource-1,master} inited
21:50:41.152 [main] INFO  c.b.d.d.DynamicRoutingDataSource - [addDataSource,160] - dynamic-datasource - add a datasource named [master] success
21:50:41.152 [main] INFO  c.b.d.d.DynamicRoutingDataSource - [afterPropertiesSet,243] - dynamic-datasource initial loaded [1] datasource,primary datasource named [master]
21:50:41.311 [main] INFO  c.b.d.d.DynamicRoutingDataSource - [destroy,217] - dynamic-datasource start closing ....
21:50:41.312 [main] INFO  c.a.d.p.DruidDataSource - [close,2204] - {dataSource-1} closing ...
21:50:41.316 [main] INFO  c.a.d.p.DruidDataSource - [close,2277] - {dataSource-1} closed
21:50:41.316 [main] INFO  c.b.d.d.d.DefaultDataSourceDestroyer - [destroy,98] - dynamic-datasource close the datasource named [master] success,
21:50:41.317 [main] INFO  c.b.d.d.DynamicRoutingDataSource - [destroy,221] - dynamic-datasource all closed success,bye
21:50:41.322 [main] INFO  o.a.c.c.StandardService - [log,173] - Stopping service [Tomcat]
21:53:38.699 [main] INFO  c.a.n.c.e.SearchableProperties - [sortPropertySourceDefaultOrder,197] - properties search order:PROPERTIES->JVM->ENV->DEFAULT_SETTING
21:53:38.743 [background-preinit] INFO  o.h.v.i.util.Version - [<clinit>,21] - HV000001: Hibernate Validator 6.2.5.Final
21:53:38.995 [main] INFO  c.a.n.p.a.s.c.ClientAuthPluginManager - [init,56] - [ClientAuthPluginManager] Load ClientAuthService com.alibaba.nacos.client.auth.impl.NacosClientAuthServiceImpl success.
21:53:38.995 [main] INFO  c.a.n.p.a.s.c.ClientAuthPluginManager - [init,56] - [ClientAuthPluginManager] Load ClientAuthService com.alibaba.nacos.client.auth.ram.RamClientAuthServiceImpl success.
21:53:42.554 [main] INFO  c.s.a.SystemAccountApplication - [logStartupProfileInfo,638] - The following 1 profile is active: "dev"
21:53:44.125 [main] INFO  i.s.s.b.a.SeataAutoConfiguration - [globalTransactionScanner,63] - Automatically configure Seata
21:53:44.184 [main] INFO  i.s.c.ConfigurationFactory - [load,69] - load Configuration from :Spring Configuration
21:53:44.199 [main] INFO  c.a.n.p.a.s.c.ClientAuthPluginManager - [init,56] - [ClientAuthPluginManager] Load ClientAuthService com.alibaba.nacos.client.auth.impl.NacosClientAuthServiceImpl success.
21:53:44.199 [main] INFO  c.a.n.p.a.s.c.ClientAuthPluginManager - [init,56] - [ClientAuthPluginManager] Load ClientAuthService com.alibaba.nacos.client.auth.ram.RamClientAuthServiceImpl success.
21:53:44.595 [main] INFO  i.s.s.a.GlobalTransactionScanner - [initClient,208] - Initializing Global Transaction Clients ... 
21:53:45.002 [main] INFO  i.s.c.r.n.NettyClientBootstrap - [start,147] - NettyClientBootstrap has started
21:53:45.238 [main] INFO  i.s.s.a.GlobalTransactionScanner - [initClient,222] - Transaction Manager Client is initialized. applicationId[system-account] txServiceGroup[system-account-group]
21:53:45.319 [main] INFO  i.s.r.d.AsyncWorker - [<init>,73] - Async Commit Buffer Limit: 10000
21:53:45.319 [main] INFO  i.s.r.d.x.ResourceManagerXA - [init,59] - ResourceManagerXA init ...
21:53:45.326 [main] INFO  i.s.c.r.n.NettyClientBootstrap - [start,147] - NettyClientBootstrap has started
21:53:45.327 [main] INFO  i.s.s.a.GlobalTransactionScanner - [initClient,227] - Resource Manager is initialized. applicationId[system-account] txServiceGroup[system-account-group]
21:53:45.327 [main] INFO  i.s.s.a.GlobalTransactionScanner - [initClient,231] - Global Transaction Clients are initialized. 
21:53:45.865 [main] INFO  o.a.c.h.Http11NioProtocol - [log,173] - Initializing ProtocolHandler ["http-nio-9301"]
21:53:45.866 [main] INFO  o.a.c.c.StandardService - [log,173] - Starting service [Tomcat]
21:53:45.866 [main] INFO  o.a.c.c.StandardEngine - [log,173] - Starting Servlet engine: [Apache Tomcat/9.0.83]
21:53:46.066 [main] INFO  o.a.c.c.C.[.[.[/] - [log,173] - Initializing Spring embedded WebApplicationContext
21:53:48.229 [main] INFO  c.a.d.p.DruidDataSource - [init,1002] - {dataSource-1,master} inited
21:53:48.229 [main] INFO  c.b.d.d.DynamicRoutingDataSource - [addDataSource,160] - dynamic-datasource - add a datasource named [master] success
21:53:48.230 [main] INFO  c.b.d.d.DynamicRoutingDataSource - [afterPropertiesSet,243] - dynamic-datasource initial loaded [1] datasource,primary datasource named [master]
21:53:48.387 [main] INFO  c.b.d.d.DynamicRoutingDataSource - [destroy,217] - dynamic-datasource start closing ....
21:53:48.389 [main] INFO  c.a.d.p.DruidDataSource - [close,2204] - {dataSource-1} closing ...
21:53:48.392 [main] INFO  c.a.d.p.DruidDataSource - [close,2277] - {dataSource-1} closed
21:53:48.392 [main] INFO  c.b.d.d.d.DefaultDataSourceDestroyer - [destroy,98] - dynamic-datasource close the datasource named [master] success,
21:53:48.392 [main] INFO  c.b.d.d.DynamicRoutingDataSource - [destroy,221] - dynamic-datasource all closed success,bye
21:53:48.398 [main] INFO  o.a.c.c.StandardService - [log,173] - Stopping service [Tomcat]
21:54:32.475 [SpringApplicationShutdownHook] INFO  c.a.c.n.r.NacosServiceRegistry - [deregister,95] - De-registering from Nacos Server now...
21:54:32.519 [SpringApplicationShutdownHook] INFO  c.a.c.n.r.NacosServiceRegistry - [deregister,115] - De-registration finished.
21:54:32.682 [SpringApplicationShutdownHook] INFO  c.b.d.d.DynamicRoutingDataSource - [destroy,217] - dynamic-datasource start closing ....
21:54:32.686 [SpringApplicationShutdownHook] INFO  c.a.d.p.DruidDataSource - [close,2204] - {dataSource-1} closing ...
21:54:32.691 [SpringApplicationShutdownHook] INFO  c.a.d.p.DruidDataSource - [close,2277] - {dataSource-1} closed
21:54:32.691 [SpringApplicationShutdownHook] INFO  c.b.d.d.d.DefaultDataSourceDestroyer - [destroy,98] - dynamic-datasource close the datasource named [master] success,
21:54:32.691 [SpringApplicationShutdownHook] INFO  c.b.d.d.DynamicRoutingDataSource - [destroy,221] - dynamic-datasource all closed success,bye
21:54:42.832 [main] INFO  c.a.n.c.e.SearchableProperties - [sortPropertySourceDefaultOrder,197] - properties search order:PROPERTIES->JVM->ENV->DEFAULT_SETTING
21:54:42.871 [background-preinit] INFO  o.h.v.i.util.Version - [<clinit>,21] - HV000001: Hibernate Validator 6.2.5.Final
21:54:43.119 [main] INFO  c.a.n.p.a.s.c.ClientAuthPluginManager - [init,56] - [ClientAuthPluginManager] Load ClientAuthService com.alibaba.nacos.client.auth.impl.NacosClientAuthServiceImpl success.
21:54:43.119 [main] INFO  c.a.n.p.a.s.c.ClientAuthPluginManager - [init,56] - [ClientAuthPluginManager] Load ClientAuthService com.alibaba.nacos.client.auth.ram.RamClientAuthServiceImpl success.
21:54:46.716 [main] INFO  c.r.s.RuoYiSystemApplication - [logStartupProfileInfo,638] - The following 1 profile is active: "dev"
21:54:49.171 [main] INFO  o.a.c.h.Http11NioProtocol - [log,173] - Initializing ProtocolHandler ["http-nio-9201"]
21:54:49.172 [main] INFO  o.a.c.c.StandardService - [log,173] - Starting service [Tomcat]
21:54:49.173 [main] INFO  o.a.c.c.StandardEngine - [log,173] - Starting Servlet engine: [Apache Tomcat/9.0.83]
21:54:49.341 [main] INFO  o.a.c.c.C.[.[.[/] - [log,173] - Initializing Spring embedded WebApplicationContext
21:54:51.360 [main] INFO  c.a.d.p.DruidDataSource - [init,1002] - {dataSource-1,master} inited
21:54:51.361 [main] INFO  c.b.d.d.DynamicRoutingDataSource - [addDataSource,160] - dynamic-datasource - add a datasource named [master] success
21:54:51.361 [main] INFO  c.b.d.d.DynamicRoutingDataSource - [afterPropertiesSet,243] - dynamic-datasource initial loaded [1] datasource,primary datasource named [master]
21:54:51.753 [main] INFO  c.b.d.d.DynamicRoutingDataSource - [destroy,217] - dynamic-datasource start closing ....
21:54:51.755 [main] INFO  c.a.d.p.DruidDataSource - [close,2204] - {dataSource-1} closing ...
21:54:51.758 [main] INFO  c.a.d.p.DruidDataSource - [close,2277] - {dataSource-1} closed
21:54:51.758 [main] INFO  c.b.d.d.d.DefaultDataSourceDestroyer - [destroy,98] - dynamic-datasource close the datasource named [master] success,
21:54:51.758 [main] INFO  c.b.d.d.DynamicRoutingDataSource - [destroy,221] - dynamic-datasource all closed success,bye
21:54:51.759 [main] INFO  o.a.c.c.StandardService - [log,173] - Stopping service [Tomcat]
22:20:12.067 [main] INFO  c.a.n.c.e.SearchableProperties - [sortPropertySourceDefaultOrder,197] - properties search order:PROPERTIES->JVM->ENV->DEFAULT_SETTING
22:20:12.137 [background-preinit] INFO  o.h.v.i.util.Version - [<clinit>,21] - HV000001: Hibernate Validator 6.2.5.Final
22:20:12.602 [main] INFO  c.a.n.p.a.s.c.ClientAuthPluginManager - [init,56] - [ClientAuthPluginManager] Load ClientAuthService com.alibaba.nacos.client.auth.impl.NacosClientAuthServiceImpl success.
22:20:12.603 [main] INFO  c.a.n.p.a.s.c.ClientAuthPluginManager - [init,56] - [ClientAuthPluginManager] Load ClientAuthService com.alibaba.nacos.client.auth.ram.RamClientAuthServiceImpl success.
22:20:17.520 [main] INFO  c.r.s.RuoYiSystemApplication - [logStartupProfileInfo,638] - The following 1 profile is active: "dev"
22:20:20.323 [main] INFO  o.a.c.h.Http11NioProtocol - [log,173] - Initializing ProtocolHandler ["http-nio-9201"]
22:20:20.324 [main] INFO  o.a.c.c.StandardService - [log,173] - Starting service [Tomcat]
22:20:20.325 [main] INFO  o.a.c.c.StandardEngine - [log,173] - Starting Servlet engine: [Apache Tomcat/9.0.83]
22:20:20.548 [main] INFO  o.a.c.c.C.[.[.[/] - [log,173] - Initializing Spring embedded WebApplicationContext
22:20:23.213 [main] INFO  c.a.d.p.DruidDataSource - [init,1002] - {dataSource-1,master} inited
22:20:23.214 [main] INFO  c.b.d.d.DynamicRoutingDataSource - [addDataSource,160] - dynamic-datasource - add a datasource named [master] success
22:20:23.215 [main] INFO  c.b.d.d.DynamicRoutingDataSource - [afterPropertiesSet,243] - dynamic-datasource initial loaded [1] datasource,primary datasource named [master]
22:20:23.549 [main] INFO  c.b.d.d.DynamicRoutingDataSource - [destroy,217] - dynamic-datasource start closing ....
22:20:23.551 [main] INFO  c.a.d.p.DruidDataSource - [close,2204] - {dataSource-1} closing ...
22:20:23.556 [main] INFO  c.a.d.p.DruidDataSource - [close,2277] - {dataSource-1} closed
22:20:23.557 [main] INFO  c.b.d.d.d.DefaultDataSourceDestroyer - [destroy,98] - dynamic-datasource close the datasource named [master] success,
22:20:23.557 [main] INFO  c.b.d.d.DynamicRoutingDataSource - [destroy,221] - dynamic-datasource all closed success,bye
22:20:23.558 [main] INFO  o.a.c.c.StandardService - [log,173] - Stopping service [Tomcat]
22:21:39.876 [main] INFO  c.a.n.c.e.SearchableProperties - [sortPropertySourceDefaultOrder,197] - properties search order:PROPERTIES->JVM->ENV->DEFAULT_SETTING
22:21:39.936 [background-preinit] INFO  o.h.v.i.util.Version - [<clinit>,21] - HV000001: Hibernate Validator 6.2.5.Final
22:21:40.366 [main] INFO  c.a.n.p.a.s.c.ClientAuthPluginManager - [init,56] - [ClientAuthPluginManager] Load ClientAuthService com.alibaba.nacos.client.auth.impl.NacosClientAuthServiceImpl success.
22:21:40.367 [main] INFO  c.a.n.p.a.s.c.ClientAuthPluginManager - [init,56] - [ClientAuthPluginManager] Load ClientAuthService com.alibaba.nacos.client.auth.ram.RamClientAuthServiceImpl success.
22:21:45.369 [main] INFO  c.r.s.RuoYiSystemApplication - [logStartupProfileInfo,638] - The following 1 profile is active: "dev"
22:21:49.539 [main] INFO  o.a.c.h.Http11NioProtocol - [log,173] - Initializing ProtocolHandler ["http-nio-9201"]
22:21:49.542 [main] INFO  o.a.c.c.StandardService - [log,173] - Starting service [Tomcat]
22:21:49.542 [main] INFO  o.a.c.c.StandardEngine - [log,173] - Starting Servlet engine: [Apache Tomcat/9.0.83]
22:21:49.873 [main] INFO  o.a.c.c.C.[.[.[/] - [log,173] - Initializing Spring embedded WebApplicationContext
22:21:52.879 [main] INFO  c.a.d.p.DruidDataSource - [init,1002] - {dataSource-1,master} inited
22:21:52.880 [main] INFO  c.b.d.d.DynamicRoutingDataSource - [addDataSource,160] - dynamic-datasource - add a datasource named [master] success
22:21:52.881 [main] INFO  c.b.d.d.DynamicRoutingDataSource - [afterPropertiesSet,243] - dynamic-datasource initial loaded [1] datasource,primary datasource named [master]
22:21:53.257 [main] INFO  c.b.d.d.DynamicRoutingDataSource - [destroy,217] - dynamic-datasource start closing ....
22:21:53.261 [main] INFO  c.a.d.p.DruidDataSource - [close,2204] - {dataSource-1} closing ...
22:21:53.267 [main] INFO  c.a.d.p.DruidDataSource - [close,2277] - {dataSource-1} closed
22:21:53.267 [main] INFO  c.b.d.d.d.DefaultDataSourceDestroyer - [destroy,98] - dynamic-datasource close the datasource named [master] success,
22:21:53.267 [main] INFO  c.b.d.d.DynamicRoutingDataSource - [destroy,221] - dynamic-datasource all closed success,bye
22:21:53.269 [main] INFO  o.a.c.c.StandardService - [log,173] - Stopping service [Tomcat]
22:21:54.491 [main] INFO  c.a.n.c.e.SearchableProperties - [sortPropertySourceDefaultOrder,197] - properties search order:PROPERTIES->JVM->ENV->DEFAULT_SETTING
22:21:54.553 [background-preinit] INFO  o.h.v.i.util.Version - [<clinit>,21] - HV000001: Hibernate Validator 6.2.5.Final
22:21:54.941 [main] INFO  c.a.n.p.a.s.c.ClientAuthPluginManager - [init,56] - [ClientAuthPluginManager] Load ClientAuthService com.alibaba.nacos.client.auth.impl.NacosClientAuthServiceImpl success.
22:21:54.942 [main] INFO  c.a.n.p.a.s.c.ClientAuthPluginManager - [init,56] - [ClientAuthPluginManager] Load ClientAuthService com.alibaba.nacos.client.auth.ram.RamClientAuthServiceImpl success.
22:21:59.114 [main] INFO  c.s.a.SystemAccountApplication - [logStartupProfileInfo,638] - The following 1 profile is active: "dev"
22:22:01.124 [main] INFO  i.s.s.b.a.SeataAutoConfiguration - [globalTransactionScanner,63] - Automatically configure Seata
22:22:01.194 [main] INFO  i.s.c.ConfigurationFactory - [load,69] - load Configuration from :Spring Configuration
22:22:01.212 [main] INFO  c.a.n.p.a.s.c.ClientAuthPluginManager - [init,56] - [ClientAuthPluginManager] Load ClientAuthService com.alibaba.nacos.client.auth.impl.NacosClientAuthServiceImpl success.
22:22:01.212 [main] INFO  c.a.n.p.a.s.c.ClientAuthPluginManager - [init,56] - [ClientAuthPluginManager] Load ClientAuthService com.alibaba.nacos.client.auth.ram.RamClientAuthServiceImpl success.
22:22:01.650 [main] INFO  i.s.s.a.GlobalTransactionScanner - [initClient,208] - Initializing Global Transaction Clients ... 
22:22:02.074 [main] INFO  i.s.c.r.n.NettyClientBootstrap - [start,147] - NettyClientBootstrap has started
22:22:02.310 [main] INFO  i.s.s.a.GlobalTransactionScanner - [initClient,222] - Transaction Manager Client is initialized. applicationId[system-account] txServiceGroup[system-account-group]
22:22:02.421 [main] INFO  i.s.r.d.AsyncWorker - [<init>,73] - Async Commit Buffer Limit: 10000
22:22:02.422 [main] INFO  i.s.r.d.x.ResourceManagerXA - [init,59] - ResourceManagerXA init ...
22:22:02.434 [main] INFO  i.s.c.r.n.NettyClientBootstrap - [start,147] - NettyClientBootstrap has started
22:22:02.435 [main] INFO  i.s.s.a.GlobalTransactionScanner - [initClient,227] - Resource Manager is initialized. applicationId[system-account] txServiceGroup[system-account-group]
22:22:02.435 [main] INFO  i.s.s.a.GlobalTransactionScanner - [initClient,231] - Global Transaction Clients are initialized. 
22:22:03.141 [main] INFO  o.a.c.h.Http11NioProtocol - [log,173] - Initializing ProtocolHandler ["http-nio-9301"]
22:22:03.143 [main] INFO  o.a.c.c.StandardService - [log,173] - Starting service [Tomcat]
22:22:03.143 [main] INFO  o.a.c.c.StandardEngine - [log,173] - Starting Servlet engine: [Apache Tomcat/9.0.83]
22:22:03.453 [main] INFO  o.a.c.c.C.[.[.[/] - [log,173] - Initializing Spring embedded WebApplicationContext
22:22:05.957 [main] INFO  c.a.d.p.DruidDataSource - [init,1002] - {dataSource-1,master} inited
22:22:05.958 [main] INFO  c.b.d.d.DynamicRoutingDataSource - [addDataSource,160] - dynamic-datasource - add a datasource named [master] success
22:22:05.958 [main] INFO  c.b.d.d.DynamicRoutingDataSource - [afterPropertiesSet,243] - dynamic-datasource initial loaded [1] datasource,primary datasource named [master]
22:22:06.174 [main] INFO  c.b.d.d.DynamicRoutingDataSource - [destroy,217] - dynamic-datasource start closing ....
22:22:06.176 [main] INFO  c.a.d.p.DruidDataSource - [close,2204] - {dataSource-1} closing ...
22:22:06.181 [main] INFO  c.a.d.p.DruidDataSource - [close,2277] - {dataSource-1} closed
22:22:06.181 [main] INFO  c.b.d.d.d.DefaultDataSourceDestroyer - [destroy,98] - dynamic-datasource close the datasource named [master] success,
22:22:06.181 [main] INFO  c.b.d.d.DynamicRoutingDataSource - [destroy,221] - dynamic-datasource all closed success,bye
22:22:06.192 [main] INFO  o.a.c.c.StandardService - [log,173] - Stopping service [Tomcat]
22:33:39.362 [main] INFO  c.a.n.c.e.SearchableProperties - [sortPropertySourceDefaultOrder,197] - properties search order:PROPERTIES->JVM->ENV->DEFAULT_SETTING
22:33:39.403 [background-preinit] INFO  o.h.v.i.util.Version - [<clinit>,21] - HV000001: Hibernate Validator 6.2.5.Final
22:33:39.651 [main] INFO  c.a.n.p.a.s.c.ClientAuthPluginManager - [init,56] - [ClientAuthPluginManager] Load ClientAuthService com.alibaba.nacos.client.auth.impl.NacosClientAuthServiceImpl success.
22:33:39.651 [main] INFO  c.a.n.p.a.s.c.ClientAuthPluginManager - [init,56] - [ClientAuthPluginManager] Load ClientAuthService com.alibaba.nacos.client.auth.ram.RamClientAuthServiceImpl success.
22:33:43.108 [main] INFO  c.s.a.SystemAccountApplication - [logStartupProfileInfo,638] - The following 1 profile is active: "dev"
22:33:44.583 [main] INFO  i.s.s.b.a.SeataAutoConfiguration - [globalTransactionScanner,63] - Automatically configure Seata
22:33:44.637 [main] INFO  i.s.c.ConfigurationFactory - [load,69] - load Configuration from :Spring Configuration
22:33:44.651 [main] INFO  c.a.n.p.a.s.c.ClientAuthPluginManager - [init,56] - [ClientAuthPluginManager] Load ClientAuthService com.alibaba.nacos.client.auth.impl.NacosClientAuthServiceImpl success.
22:33:44.652 [main] INFO  c.a.n.p.a.s.c.ClientAuthPluginManager - [init,56] - [ClientAuthPluginManager] Load ClientAuthService com.alibaba.nacos.client.auth.ram.RamClientAuthServiceImpl success.
22:33:45.043 [main] INFO  i.s.s.a.GlobalTransactionScanner - [initClient,208] - Initializing Global Transaction Clients ... 
22:33:45.442 [main] INFO  i.s.c.r.n.NettyClientBootstrap - [start,147] - NettyClientBootstrap has started
22:33:45.679 [main] INFO  i.s.s.a.GlobalTransactionScanner - [initClient,222] - Transaction Manager Client is initialized. applicationId[system-account] txServiceGroup[system-account-group]
22:33:45.767 [main] INFO  i.s.r.d.AsyncWorker - [<init>,73] - Async Commit Buffer Limit: 10000
22:33:45.768 [main] INFO  i.s.r.d.x.ResourceManagerXA - [init,59] - ResourceManagerXA init ...
22:33:45.774 [main] INFO  i.s.c.r.n.NettyClientBootstrap - [start,147] - NettyClientBootstrap has started
22:33:45.775 [main] INFO  i.s.s.a.GlobalTransactionScanner - [initClient,227] - Resource Manager is initialized. applicationId[system-account] txServiceGroup[system-account-group]
22:33:45.775 [main] INFO  i.s.s.a.GlobalTransactionScanner - [initClient,231] - Global Transaction Clients are initialized. 
22:33:46.281 [main] INFO  o.a.c.h.Http11NioProtocol - [log,173] - Initializing ProtocolHandler ["http-nio-9301"]
22:33:46.283 [main] INFO  o.a.c.c.StandardService - [log,173] - Starting service [Tomcat]
22:33:46.283 [main] INFO  o.a.c.c.StandardEngine - [log,173] - Starting Servlet engine: [Apache Tomcat/9.0.83]
22:33:46.477 [main] INFO  o.a.c.c.C.[.[.[/] - [log,173] - Initializing Spring embedded WebApplicationContext
22:33:48.643 [main] INFO  c.a.d.p.DruidDataSource - [init,1002] - {dataSource-1,master} inited
22:33:48.644 [main] INFO  c.b.d.d.DynamicRoutingDataSource - [addDataSource,160] - dynamic-datasource - add a datasource named [master] success
22:33:48.644 [main] INFO  c.b.d.d.DynamicRoutingDataSource - [afterPropertiesSet,243] - dynamic-datasource initial loaded [1] datasource,primary datasource named [master]
22:33:48.925 [main] INFO  c.b.d.d.DynamicRoutingDataSource - [destroy,217] - dynamic-datasource start closing ....
22:33:48.926 [main] INFO  c.a.d.p.DruidDataSource - [close,2204] - {dataSource-1} closing ...
22:33:48.931 [main] INFO  c.a.d.p.DruidDataSource - [close,2277] - {dataSource-1} closed
22:33:48.931 [main] INFO  c.b.d.d.d.DefaultDataSourceDestroyer - [destroy,98] - dynamic-datasource close the datasource named [master] success,
22:33:48.932 [main] INFO  c.b.d.d.DynamicRoutingDataSource - [destroy,221] - dynamic-datasource all closed success,bye
22:33:48.938 [main] INFO  o.a.c.c.StandardService - [log,173] - Stopping service [Tomcat]
22:35:00.611 [main] INFO  c.a.n.c.e.SearchableProperties - [sortPropertySourceDefaultOrder,197] - properties search order:PROPERTIES->JVM->ENV->DEFAULT_SETTING
22:35:00.655 [background-preinit] INFO  o.h.v.i.util.Version - [<clinit>,21] - HV000001: Hibernate Validator 6.2.5.Final
22:35:00.901 [main] INFO  c.a.n.p.a.s.c.ClientAuthPluginManager - [init,56] - [ClientAuthPluginManager] Load ClientAuthService com.alibaba.nacos.client.auth.impl.NacosClientAuthServiceImpl success.
22:35:00.902 [main] INFO  c.a.n.p.a.s.c.ClientAuthPluginManager - [init,56] - [ClientAuthPluginManager] Load ClientAuthService com.alibaba.nacos.client.auth.ram.RamClientAuthServiceImpl success.
22:35:04.448 [main] INFO  c.s.a.SystemAccountApplication - [logStartupProfileInfo,638] - The following 1 profile is active: "dev"
22:35:06.052 [main] INFO  i.s.s.b.a.SeataAutoConfiguration - [globalTransactionScanner,63] - Automatically configure Seata
22:35:06.109 [main] INFO  i.s.c.ConfigurationFactory - [load,69] - load Configuration from :Spring Configuration
22:35:06.123 [main] INFO  c.a.n.p.a.s.c.ClientAuthPluginManager - [init,56] - [ClientAuthPluginManager] Load ClientAuthService com.alibaba.nacos.client.auth.impl.NacosClientAuthServiceImpl success.
22:35:06.123 [main] INFO  c.a.n.p.a.s.c.ClientAuthPluginManager - [init,56] - [ClientAuthPluginManager] Load ClientAuthService com.alibaba.nacos.client.auth.ram.RamClientAuthServiceImpl success.
22:35:06.526 [main] INFO  i.s.s.a.GlobalTransactionScanner - [initClient,208] - Initializing Global Transaction Clients ... 
22:35:06.979 [main] INFO  i.s.c.r.n.NettyClientBootstrap - [start,147] - NettyClientBootstrap has started
22:35:07.227 [main] INFO  i.s.s.a.GlobalTransactionScanner - [initClient,222] - Transaction Manager Client is initialized. applicationId[system-account] txServiceGroup[system-account-group]
22:35:07.311 [main] INFO  i.s.r.d.AsyncWorker - [<init>,73] - Async Commit Buffer Limit: 10000
22:35:07.312 [main] INFO  i.s.r.d.x.ResourceManagerXA - [init,59] - ResourceManagerXA init ...
22:35:07.319 [main] INFO  i.s.c.r.n.NettyClientBootstrap - [start,147] - NettyClientBootstrap has started
22:35:07.320 [main] INFO  i.s.s.a.GlobalTransactionScanner - [initClient,227] - Resource Manager is initialized. applicationId[system-account] txServiceGroup[system-account-group]
22:35:07.320 [main] INFO  i.s.s.a.GlobalTransactionScanner - [initClient,231] - Global Transaction Clients are initialized. 
22:35:07.827 [main] INFO  o.a.c.h.Http11NioProtocol - [log,173] - Initializing ProtocolHandler ["http-nio-9301"]
22:35:07.828 [main] INFO  o.a.c.c.StandardService - [log,173] - Starting service [Tomcat]
22:35:07.828 [main] INFO  o.a.c.c.StandardEngine - [log,173] - Starting Servlet engine: [Apache Tomcat/9.0.83]
22:35:08.017 [main] INFO  o.a.c.c.C.[.[.[/] - [log,173] - Initializing Spring embedded WebApplicationContext
22:35:10.185 [main] INFO  c.a.d.p.DruidDataSource - [init,1002] - {dataSource-1,master} inited
22:35:10.186 [main] INFO  c.b.d.d.DynamicRoutingDataSource - [addDataSource,160] - dynamic-datasource - add a datasource named [master] success
22:35:10.186 [main] INFO  c.b.d.d.DynamicRoutingDataSource - [afterPropertiesSet,243] - dynamic-datasource initial loaded [1] datasource,primary datasource named [master]
22:35:10.334 [main] INFO  c.b.d.d.DynamicRoutingDataSource - [destroy,217] - dynamic-datasource start closing ....
22:35:10.336 [main] INFO  c.a.d.p.DruidDataSource - [close,2204] - {dataSource-1} closing ...
22:35:10.340 [main] INFO  c.a.d.p.DruidDataSource - [close,2277] - {dataSource-1} closed
22:35:10.340 [main] INFO  c.b.d.d.d.DefaultDataSourceDestroyer - [destroy,98] - dynamic-datasource close the datasource named [master] success,
22:35:10.340 [main] INFO  c.b.d.d.DynamicRoutingDataSource - [destroy,221] - dynamic-datasource all closed success,bye
22:35:10.346 [main] INFO  o.a.c.c.StandardService - [log,173] - Stopping service [Tomcat]
22:35:41.495 [main] INFO  c.a.n.c.e.SearchableProperties - [sortPropertySourceDefaultOrder,197] - properties search order:PROPERTIES->JVM->ENV->DEFAULT_SETTING
22:35:41.535 [background-preinit] INFO  o.h.v.i.util.Version - [<clinit>,21] - HV000001: Hibernate Validator 6.2.5.Final
22:35:41.783 [main] INFO  c.a.n.p.a.s.c.ClientAuthPluginManager - [init,56] - [ClientAuthPluginManager] Load ClientAuthService com.alibaba.nacos.client.auth.impl.NacosClientAuthServiceImpl success.
22:35:41.784 [main] INFO  c.a.n.p.a.s.c.ClientAuthPluginManager - [init,56] - [ClientAuthPluginManager] Load ClientAuthService com.alibaba.nacos.client.auth.ram.RamClientAuthServiceImpl success.
22:35:45.307 [main] INFO  c.r.s.RuoYiSystemApplication - [logStartupProfileInfo,638] - The following 1 profile is active: "dev"
22:35:47.383 [main] INFO  o.a.c.h.Http11NioProtocol - [log,173] - Initializing ProtocolHandler ["http-nio-9201"]
22:35:47.384 [main] INFO  o.a.c.c.StandardService - [log,173] - Starting service [Tomcat]
22:35:47.385 [main] INFO  o.a.c.c.StandardEngine - [log,173] - Starting Servlet engine: [Apache Tomcat/9.0.83]
22:35:47.566 [main] INFO  o.a.c.c.C.[.[.[/] - [log,173] - Initializing Spring embedded WebApplicationContext
22:35:49.643 [main] INFO  c.a.d.p.DruidDataSource - [init,1002] - {dataSource-1,master} inited
22:35:49.644 [main] INFO  c.b.d.d.DynamicRoutingDataSource - [addDataSource,160] - dynamic-datasource - add a datasource named [master] success
22:35:49.644 [main] INFO  c.b.d.d.DynamicRoutingDataSource - [afterPropertiesSet,243] - dynamic-datasource initial loaded [1] datasource,primary datasource named [master]
22:35:50.013 [main] INFO  c.b.d.d.DynamicRoutingDataSource - [destroy,217] - dynamic-datasource start closing ....
22:35:50.015 [main] INFO  c.a.d.p.DruidDataSource - [close,2204] - {dataSource-1} closing ...
22:35:50.018 [main] INFO  c.a.d.p.DruidDataSource - [close,2277] - {dataSource-1} closed
22:35:50.018 [main] INFO  c.b.d.d.d.DefaultDataSourceDestroyer - [destroy,98] - dynamic-datasource close the datasource named [master] success,
22:35:50.018 [main] INFO  c.b.d.d.DynamicRoutingDataSource - [destroy,221] - dynamic-datasource all closed success,bye
22:35:50.019 [main] INFO  o.a.c.c.StandardService - [log,173] - Stopping service [Tomcat]
22:36:34.720 [main] INFO  c.a.n.c.e.SearchableProperties - [sortPropertySourceDefaultOrder,197] - properties search order:PROPERTIES->JVM->ENV->DEFAULT_SETTING
22:36:34.763 [background-preinit] INFO  o.h.v.i.util.Version - [<clinit>,21] - HV000001: Hibernate Validator 6.2.5.Final
22:36:35.020 [main] INFO  c.a.n.p.a.s.c.ClientAuthPluginManager - [init,56] - [ClientAuthPluginManager] Load ClientAuthService com.alibaba.nacos.client.auth.impl.NacosClientAuthServiceImpl success.
22:36:35.020 [main] INFO  c.a.n.p.a.s.c.ClientAuthPluginManager - [init,56] - [ClientAuthPluginManager] Load ClientAuthService com.alibaba.nacos.client.auth.ram.RamClientAuthServiceImpl success.
22:36:38.628 [main] INFO  c.r.s.SystemBusinessPeopleApplication - [logStartupProfileInfo,638] - The following 1 profile is active: "dev"
22:42:06.326 [main] INFO  c.a.n.c.e.SearchableProperties - [sortPropertySourceDefaultOrder,197] - properties search order:PROPERTIES->JVM->ENV->DEFAULT_SETTING
22:42:06.367 [background-preinit] INFO  o.h.v.i.util.Version - [<clinit>,21] - HV000001: Hibernate Validator 6.2.5.Final
22:42:06.608 [main] INFO  c.a.n.p.a.s.c.ClientAuthPluginManager - [init,56] - [ClientAuthPluginManager] Load ClientAuthService com.alibaba.nacos.client.auth.impl.NacosClientAuthServiceImpl success.
22:42:06.608 [main] INFO  c.a.n.p.a.s.c.ClientAuthPluginManager - [init,56] - [ClientAuthPluginManager] Load ClientAuthService com.alibaba.nacos.client.auth.ram.RamClientAuthServiceImpl success.
22:42:10.212 [main] INFO  c.r.s.RuoYiSystemApplication - [logStartupProfileInfo,638] - The following 1 profile is active: "dev"
22:42:12.219 [main] INFO  o.a.c.h.Http11NioProtocol - [log,173] - Initializing ProtocolHandler ["http-nio-9201"]
22:42:12.220 [main] INFO  o.a.c.c.StandardService - [log,173] - Starting service [Tomcat]
22:42:12.220 [main] INFO  o.a.c.c.StandardEngine - [log,173] - Starting Servlet engine: [Apache Tomcat/9.0.83]
22:42:12.386 [main] INFO  o.a.c.c.C.[.[.[/] - [log,173] - Initializing Spring embedded WebApplicationContext
22:42:14.589 [main] INFO  c.a.d.p.DruidDataSource - [init,1002] - {dataSource-1,master} inited
22:42:14.590 [main] INFO  c.b.d.d.DynamicRoutingDataSource - [addDataSource,160] - dynamic-datasource - add a datasource named [master] success
22:42:14.590 [main] INFO  c.b.d.d.DynamicRoutingDataSource - [afterPropertiesSet,243] - dynamic-datasource initial loaded [1] datasource,primary datasource named [master]
22:42:14.983 [main] INFO  c.b.d.d.DynamicRoutingDataSource - [destroy,217] - dynamic-datasource start closing ....
22:42:14.985 [main] INFO  c.a.d.p.DruidDataSource - [close,2204] - {dataSource-1} closing ...
22:42:14.988 [main] INFO  c.a.d.p.DruidDataSource - [close,2277] - {dataSource-1} closed
22:42:14.988 [main] INFO  c.b.d.d.d.DefaultDataSourceDestroyer - [destroy,98] - dynamic-datasource close the datasource named [master] success,
22:42:14.988 [main] INFO  c.b.d.d.DynamicRoutingDataSource - [destroy,221] - dynamic-datasource all closed success,bye
22:42:14.989 [main] INFO  o.a.c.c.StandardService - [log,173] - Stopping service [Tomcat]
22:42:46.235 [main] INFO  c.a.n.c.e.SearchableProperties - [sortPropertySourceDefaultOrder,197] - properties search order:PROPERTIES->JVM->ENV->DEFAULT_SETTING
22:42:46.276 [background-preinit] INFO  o.h.v.i.util.Version - [<clinit>,21] - HV000001: Hibernate Validator 6.2.5.Final
22:42:46.503 [main] INFO  c.a.n.p.a.s.c.ClientAuthPluginManager - [init,56] - [ClientAuthPluginManager] Load ClientAuthService com.alibaba.nacos.client.auth.impl.NacosClientAuthServiceImpl success.
22:42:46.504 [main] INFO  c.a.n.p.a.s.c.ClientAuthPluginManager - [init,56] - [ClientAuthPluginManager] Load ClientAuthService com.alibaba.nacos.client.auth.ram.RamClientAuthServiceImpl success.
22:42:50.149 [main] INFO  c.r.s.RuoYiSystemApplication - [logStartupProfileInfo,638] - The following 1 profile is active: "dev"
22:42:52.125 [main] INFO  o.a.c.h.Http11NioProtocol - [log,173] - Initializing ProtocolHandler ["http-nio-9201"]
22:42:52.127 [main] INFO  o.a.c.c.StandardService - [log,173] - Starting service [Tomcat]
22:42:52.127 [main] INFO  o.a.c.c.StandardEngine - [log,173] - Starting Servlet engine: [Apache Tomcat/9.0.83]
22:42:52.283 [main] INFO  o.a.c.c.C.[.[.[/] - [log,173] - Initializing Spring embedded WebApplicationContext
22:42:54.603 [main] INFO  c.a.d.p.DruidDataSource - [init,1002] - {dataSource-1,master} inited
22:42:54.604 [main] INFO  c.b.d.d.DynamicRoutingDataSource - [addDataSource,160] - dynamic-datasource - add a datasource named [master] success
22:42:54.605 [main] INFO  c.b.d.d.DynamicRoutingDataSource - [afterPropertiesSet,243] - dynamic-datasource initial loaded [1] datasource,primary datasource named [master]
22:42:57.378 [main] INFO  c.a.c.s.SentinelWebMvcConfigurer - [addInterceptors,52] - [Sentinel Starter] register SentinelWebInterceptor with urlPatterns: [/**].
22:43:02.118 [main] INFO  o.a.c.h.Http11NioProtocol - [log,173] - Starting ProtocolHandler ["http-nio-9201"]
22:43:02.137 [main] INFO  c.a.n.p.a.s.c.ClientAuthPluginManager - [init,56] - [ClientAuthPluginManager] Load ClientAuthService com.alibaba.nacos.client.auth.impl.NacosClientAuthServiceImpl success.
22:43:02.137 [main] INFO  c.a.n.p.a.s.c.ClientAuthPluginManager - [init,56] - [ClientAuthPluginManager] Load ClientAuthService com.alibaba.nacos.client.auth.ram.RamClientAuthServiceImpl success.
22:43:02.354 [main] INFO  c.a.c.n.r.NacosServiceRegistry - [register,76] - nacos registry, dev ruoyi-system 192.168.101.1:9201 register finished
22:43:04.299 [main] INFO  c.r.s.RuoYiSystemApplication - [logStarted,61] - Started RuoYiSystemApplication in 20.014 seconds (JVM running for 21.132)
22:43:04.319 [main] INFO  c.a.c.n.r.NacosContextRefresher - [registerNacosListener,129] - [Nacos Config] Listening config: dataId=ruoyi-system-dev.yml, group=dev
22:43:04.319 [main] INFO  c.a.c.n.r.NacosContextRefresher - [registerNacosListener,129] - [Nacos Config] Listening config: dataId=ruoyi-system.yml, group=dev
22:43:04.320 [main] INFO  c.a.c.n.r.NacosContextRefresher - [registerNacosListener,129] - [Nacos Config] Listening config: dataId=ruoyi-system, group=dev
22:43:04.905 [RMI TCP Connection(5)-192.168.101.1] INFO  o.a.c.c.C.[.[.[/] - [log,173] - Initializing Spring DispatcherServlet 'dispatcherServlet'
22:43:32.732 [SpringApplicationShutdownHook] INFO  c.a.c.n.r.NacosServiceRegistry - [deregister,95] - De-registering from Nacos Server now...
22:43:32.756 [SpringApplicationShutdownHook] INFO  c.a.c.n.r.NacosServiceRegistry - [deregister,115] - De-registration finished.
22:43:32.891 [SpringApplicationShutdownHook] INFO  c.b.d.d.DynamicRoutingDataSource - [destroy,217] - dynamic-datasource start closing ....
22:43:32.893 [SpringApplicationShutdownHook] INFO  c.a.d.p.DruidDataSource - [close,2204] - {dataSource-1} closing ...
22:43:32.896 [SpringApplicationShutdownHook] INFO  c.a.d.p.DruidDataSource - [close,2277] - {dataSource-1} closed
22:43:32.896 [SpringApplicationShutdownHook] INFO  c.b.d.d.d.DefaultDataSourceDestroyer - [destroy,98] - dynamic-datasource close the datasource named [master] success,
22:43:32.897 [SpringApplicationShutdownHook] INFO  c.b.d.d.DynamicRoutingDataSource - [destroy,221] - dynamic-datasource all closed success,bye
22:43:39.118 [main] INFO  c.a.n.c.e.SearchableProperties - [sortPropertySourceDefaultOrder,197] - properties search order:PROPERTIES->JVM->ENV->DEFAULT_SETTING
22:43:39.163 [background-preinit] INFO  o.h.v.i.util.Version - [<clinit>,21] - HV000001: Hibernate Validator 6.2.5.Final
22:43:39.395 [main] INFO  c.a.n.p.a.s.c.ClientAuthPluginManager - [init,56] - [ClientAuthPluginManager] Load ClientAuthService com.alibaba.nacos.client.auth.impl.NacosClientAuthServiceImpl success.
22:43:39.395 [main] INFO  c.a.n.p.a.s.c.ClientAuthPluginManager - [init,56] - [ClientAuthPluginManager] Load ClientAuthService com.alibaba.nacos.client.auth.ram.RamClientAuthServiceImpl success.
22:43:42.910 [main] INFO  c.r.s.RuoYiSystemApplication - [logStartupProfileInfo,638] - The following 1 profile is active: "dev"
22:43:44.613 [main] INFO  o.a.c.h.Http11NioProtocol - [log,173] - Initializing ProtocolHandler ["http-nio-9201"]
22:43:44.614 [main] INFO  o.a.c.c.StandardService - [log,173] - Starting service [Tomcat]
22:43:44.614 [main] INFO  o.a.c.c.StandardEngine - [log,173] - Starting Servlet engine: [Apache Tomcat/9.0.83]
22:43:44.763 [main] INFO  o.a.c.c.C.[.[.[/] - [log,173] - Initializing Spring embedded WebApplicationContext
22:43:46.773 [main] INFO  c.a.d.p.DruidDataSource - [init,1002] - {dataSource-1,master} inited
22:43:46.774 [main] INFO  c.b.d.d.DynamicRoutingDataSource - [addDataSource,160] - dynamic-datasource - add a datasource named [master] success
22:43:46.775 [main] INFO  c.b.d.d.DynamicRoutingDataSource - [afterPropertiesSet,243] - dynamic-datasource initial loaded [1] datasource,primary datasource named [master]
22:43:49.420 [main] INFO  c.a.c.s.SentinelWebMvcConfigurer - [addInterceptors,52] - [Sentinel Starter] register SentinelWebInterceptor with urlPatterns: [/**].
22:43:54.036 [main] INFO  o.a.c.h.Http11NioProtocol - [log,173] - Starting ProtocolHandler ["http-nio-9201"]
22:43:54.055 [main] INFO  c.a.n.p.a.s.c.ClientAuthPluginManager - [init,56] - [ClientAuthPluginManager] Load ClientAuthService com.alibaba.nacos.client.auth.impl.NacosClientAuthServiceImpl success.
22:43:54.055 [main] INFO  c.a.n.p.a.s.c.ClientAuthPluginManager - [init,56] - [ClientAuthPluginManager] Load ClientAuthService com.alibaba.nacos.client.auth.ram.RamClientAuthServiceImpl success.
22:43:54.292 [main] INFO  c.a.c.n.r.NacosServiceRegistry - [register,76] - nacos registry, dev ruoyi-system 192.168.101.1:9201 register finished
22:43:56.233 [main] INFO  c.r.s.RuoYiSystemApplication - [logStarted,61] - Started RuoYiSystemApplication in 19.037 seconds (JVM running for 20.028)
22:43:56.248 [main] INFO  c.a.c.n.r.NacosContextRefresher - [registerNacosListener,129] - [Nacos Config] Listening config: dataId=ruoyi-system-dev.yml, group=dev
22:43:56.248 [main] INFO  c.a.c.n.r.NacosContextRefresher - [registerNacosListener,129] - [Nacos Config] Listening config: dataId=ruoyi-system.yml, group=dev
22:43:56.249 [main] INFO  c.a.c.n.r.NacosContextRefresher - [registerNacosListener,129] - [Nacos Config] Listening config: dataId=ruoyi-system, group=dev
22:43:56.599 [RMI TCP Connection(1)-192.168.101.1] INFO  o.a.c.c.C.[.[.[/] - [log,173] - Initializing Spring DispatcherServlet 'dispatcherServlet'
22:49:27.103 [main] INFO  c.a.n.c.e.SearchableProperties - [sortPropertySourceDefaultOrder,197] - properties search order:PROPERTIES->JVM->ENV->DEFAULT_SETTING
22:49:27.145 [background-preinit] INFO  o.h.v.i.util.Version - [<clinit>,21] - HV000001: Hibernate Validator 6.2.5.Final
22:49:27.394 [main] INFO  c.a.n.p.a.s.c.ClientAuthPluginManager - [init,56] - [ClientAuthPluginManager] Load ClientAuthService com.alibaba.nacos.client.auth.impl.NacosClientAuthServiceImpl success.
22:49:27.395 [main] INFO  c.a.n.p.a.s.c.ClientAuthPluginManager - [init,56] - [ClientAuthPluginManager] Load ClientAuthService com.alibaba.nacos.client.auth.ram.RamClientAuthServiceImpl success.
22:49:30.897 [main] INFO  c.s.a.SystemAccountApplication - [logStartupProfileInfo,638] - The following 1 profile is active: "dev"
22:49:32.379 [main] INFO  i.s.s.b.a.SeataAutoConfiguration - [globalTransactionScanner,63] - Automatically configure Seata
22:49:32.440 [main] INFO  i.s.c.ConfigurationFactory - [load,69] - load Configuration from :Spring Configuration
22:49:32.455 [main] INFO  c.a.n.p.a.s.c.ClientAuthPluginManager - [init,56] - [ClientAuthPluginManager] Load ClientAuthService com.alibaba.nacos.client.auth.impl.NacosClientAuthServiceImpl success.
22:49:32.455 [main] INFO  c.a.n.p.a.s.c.ClientAuthPluginManager - [init,56] - [ClientAuthPluginManager] Load ClientAuthService com.alibaba.nacos.client.auth.ram.RamClientAuthServiceImpl success.
22:49:32.843 [main] INFO  i.s.s.a.GlobalTransactionScanner - [initClient,208] - Initializing Global Transaction Clients ... 
22:49:33.295 [main] INFO  i.s.c.r.n.NettyClientBootstrap - [start,147] - NettyClientBootstrap has started
22:49:33.532 [main] INFO  i.s.s.a.GlobalTransactionScanner - [initClient,222] - Transaction Manager Client is initialized. applicationId[system-account] txServiceGroup[system-account-group]
22:49:33.620 [main] INFO  i.s.r.d.AsyncWorker - [<init>,73] - Async Commit Buffer Limit: 10000
22:49:33.621 [main] INFO  i.s.r.d.x.ResourceManagerXA - [init,59] - ResourceManagerXA init ...
22:49:33.627 [main] INFO  i.s.c.r.n.NettyClientBootstrap - [start,147] - NettyClientBootstrap has started
22:49:33.627 [main] INFO  i.s.s.a.GlobalTransactionScanner - [initClient,227] - Resource Manager is initialized. applicationId[system-account] txServiceGroup[system-account-group]
22:49:33.628 [main] INFO  i.s.s.a.GlobalTransactionScanner - [initClient,231] - Global Transaction Clients are initialized. 
22:49:34.139 [main] INFO  o.a.c.h.Http11NioProtocol - [log,173] - Initializing ProtocolHandler ["http-nio-9301"]
22:49:34.141 [main] INFO  o.a.c.c.StandardService - [log,173] - Starting service [Tomcat]
22:49:34.141 [main] INFO  o.a.c.c.StandardEngine - [log,173] - Starting Servlet engine: [Apache Tomcat/9.0.83]
22:49:34.329 [main] INFO  o.a.c.c.C.[.[.[/] - [log,173] - Initializing Spring embedded WebApplicationContext
22:49:36.501 [main] INFO  c.a.d.p.DruidDataSource - [init,1002] - {dataSource-1,master} inited
22:49:36.502 [main] INFO  c.b.d.d.DynamicRoutingDataSource - [addDataSource,160] - dynamic-datasource - add a datasource named [master] success
22:49:36.503 [main] INFO  c.b.d.d.DynamicRoutingDataSource - [afterPropertiesSet,243] - dynamic-datasource initial loaded [1] datasource,primary datasource named [master]
22:49:36.659 [main] INFO  c.b.d.d.DynamicRoutingDataSource - [destroy,217] - dynamic-datasource start closing ....
22:49:36.661 [main] INFO  c.a.d.p.DruidDataSource - [close,2204] - {dataSource-1} closing ...
22:49:36.665 [main] INFO  c.a.d.p.DruidDataSource - [close,2277] - {dataSource-1} closed
22:49:36.665 [main] INFO  c.b.d.d.d.DefaultDataSourceDestroyer - [destroy,98] - dynamic-datasource close the datasource named [master] success,
22:49:36.665 [main] INFO  c.b.d.d.DynamicRoutingDataSource - [destroy,221] - dynamic-datasource all closed success,bye
22:49:36.671 [main] INFO  o.a.c.c.StandardService - [log,173] - Stopping service [Tomcat]
23:05:17.470 [main] INFO  c.a.n.c.e.SearchableProperties - [sortPropertySourceDefaultOrder,197] - properties search order:PROPERTIES->JVM->ENV->DEFAULT_SETTING
23:05:17.512 [background-preinit] INFO  o.h.v.i.util.Version - [<clinit>,21] - HV000001: Hibernate Validator 6.2.5.Final
23:05:17.744 [main] INFO  c.a.n.p.a.s.c.ClientAuthPluginManager - [init,56] - [ClientAuthPluginManager] Load ClientAuthService com.alibaba.nacos.client.auth.impl.NacosClientAuthServiceImpl success.
23:05:17.744 [main] INFO  c.a.n.p.a.s.c.ClientAuthPluginManager - [init,56] - [ClientAuthPluginManager] Load ClientAuthService com.alibaba.nacos.client.auth.ram.RamClientAuthServiceImpl success.
23:05:21.485 [main] INFO  c.r.s.SystemBusinessPeopleApplication - [logStartupProfileInfo,638] - The following 1 profile is active: "dev"
23:23:43.733 [main] INFO  c.a.n.c.e.SearchableProperties - [sortPropertySourceDefaultOrder,197] - properties search order:PROPERTIES->JVM->ENV->DEFAULT_SETTING
23:23:43.774 [background-preinit] INFO  o.h.v.i.util.Version - [<clinit>,21] - HV000001: Hibernate Validator 6.2.5.Final
23:23:44.027 [main] INFO  c.a.n.p.a.s.c.ClientAuthPluginManager - [init,56] - [ClientAuthPluginManager] Load ClientAuthService com.alibaba.nacos.client.auth.impl.NacosClientAuthServiceImpl success.
23:23:44.028 [main] INFO  c.a.n.p.a.s.c.ClientAuthPluginManager - [init,56] - [ClientAuthPluginManager] Load ClientAuthService com.alibaba.nacos.client.auth.ram.RamClientAuthServiceImpl success.
23:23:47.480 [main] INFO  c.s.a.SystemAccountApplication - [logStartupProfileInfo,638] - The following 1 profile is active: "dev"
23:23:48.959 [main] INFO  i.s.s.b.a.SeataAutoConfiguration - [globalTransactionScanner,63] - Automatically configure Seata
23:23:49.020 [main] INFO  i.s.c.ConfigurationFactory - [load,69] - load Configuration from :Spring Configuration
23:23:49.035 [main] INFO  c.a.n.p.a.s.c.ClientAuthPluginManager - [init,56] - [ClientAuthPluginManager] Load ClientAuthService com.alibaba.nacos.client.auth.impl.NacosClientAuthServiceImpl success.
23:23:49.035 [main] INFO  c.a.n.p.a.s.c.ClientAuthPluginManager - [init,56] - [ClientAuthPluginManager] Load ClientAuthService com.alibaba.nacos.client.auth.ram.RamClientAuthServiceImpl success.
23:23:49.420 [main] INFO  i.s.s.a.GlobalTransactionScanner - [initClient,208] - Initializing Global Transaction Clients ... 
23:23:49.812 [main] INFO  i.s.c.r.n.NettyClientBootstrap - [start,147] - NettyClientBootstrap has started
23:23:50.046 [main] INFO  i.s.s.a.GlobalTransactionScanner - [initClient,222] - Transaction Manager Client is initialized. applicationId[system-account] txServiceGroup[system-account-group]
23:23:50.125 [main] INFO  i.s.r.d.AsyncWorker - [<init>,73] - Async Commit Buffer Limit: 10000
23:23:50.126 [main] INFO  i.s.r.d.x.ResourceManagerXA - [init,59] - ResourceManagerXA init ...
23:23:50.133 [main] INFO  i.s.c.r.n.NettyClientBootstrap - [start,147] - NettyClientBootstrap has started
23:23:50.133 [main] INFO  i.s.s.a.GlobalTransactionScanner - [initClient,227] - Resource Manager is initialized. applicationId[system-account] txServiceGroup[system-account-group]
23:23:50.133 [main] INFO  i.s.s.a.GlobalTransactionScanner - [initClient,231] - Global Transaction Clients are initialized. 
23:23:50.639 [main] INFO  o.a.c.h.Http11NioProtocol - [log,173] - Initializing ProtocolHandler ["http-nio-9301"]
23:23:50.640 [main] INFO  o.a.c.c.StandardService - [log,173] - Starting service [Tomcat]
23:23:50.640 [main] INFO  o.a.c.c.StandardEngine - [log,173] - Starting Servlet engine: [Apache Tomcat/9.0.83]
23:23:50.839 [main] INFO  o.a.c.c.C.[.[.[/] - [log,173] - Initializing Spring embedded WebApplicationContext
23:23:53.029 [main] INFO  c.a.d.p.DruidDataSource - [init,1002] - {dataSource-1,master} inited
23:23:53.030 [main] INFO  c.b.d.d.DynamicRoutingDataSource - [addDataSource,160] - dynamic-datasource - add a datasource named [master] success
23:23:53.031 [main] INFO  c.b.d.d.DynamicRoutingDataSource - [afterPropertiesSet,243] - dynamic-datasource initial loaded [1] datasource,primary datasource named [master]
23:23:53.176 [main] INFO  c.b.d.d.DynamicRoutingDataSource - [destroy,217] - dynamic-datasource start closing ....
23:23:53.178 [main] INFO  c.a.d.p.DruidDataSource - [close,2204] - {dataSource-1} closing ...
23:23:53.181 [main] INFO  c.a.d.p.DruidDataSource - [close,2277] - {dataSource-1} closed
23:23:53.181 [main] INFO  c.b.d.d.d.DefaultDataSourceDestroyer - [destroy,98] - dynamic-datasource close the datasource named [master] success,
23:23:53.181 [main] INFO  c.b.d.d.DynamicRoutingDataSource - [destroy,221] - dynamic-datasource all closed success,bye
23:23:53.187 [main] INFO  o.a.c.c.StandardService - [log,173] - Stopping service [Tomcat]
23:37:02.990 [main] INFO  c.a.n.c.e.SearchableProperties - [sortPropertySourceDefaultOrder,197] - properties search order:PROPERTIES->JVM->ENV->DEFAULT_SETTING
23:37:03.032 [background-preinit] INFO  o.h.v.i.util.Version - [<clinit>,21] - HV000001: Hibernate Validator 6.2.5.Final
23:37:03.287 [main] INFO  c.a.n.p.a.s.c.ClientAuthPluginManager - [init,56] - [ClientAuthPluginManager] Load ClientAuthService com.alibaba.nacos.client.auth.impl.NacosClientAuthServiceImpl success.
23:37:03.287 [main] INFO  c.a.n.p.a.s.c.ClientAuthPluginManager - [init,56] - [ClientAuthPluginManager] Load ClientAuthService com.alibaba.nacos.client.auth.ram.RamClientAuthServiceImpl success.
23:37:06.810 [main] INFO  c.s.a.SystemAccountApplication - [logStartupProfileInfo,638] - The following 1 profile is active: "dev"
23:37:28.490 [SpringApplicationShutdownHook] INFO  c.a.c.n.r.NacosServiceRegistry - [deregister,95] - De-registering from Nacos Server now...
23:37:28.517 [SpringApplicationShutdownHook] INFO  c.a.c.n.r.NacosServiceRegistry - [deregister,115] - De-registration finished.
23:37:28.674 [SpringApplicationShutdownHook] INFO  c.b.d.d.DynamicRoutingDataSource - [destroy,217] - dynamic-datasource start closing ....
23:37:28.678 [SpringApplicationShutdownHook] INFO  c.a.d.p.DruidDataSource - [close,2204] - {dataSource-1} closing ...
23:37:28.688 [SpringApplicationShutdownHook] INFO  c.a.d.p.DruidDataSource - [close,2277] - {dataSource-1} closed
23:37:28.688 [SpringApplicationShutdownHook] INFO  c.b.d.d.d.DefaultDataSourceDestroyer - [destroy,98] - dynamic-datasource close the datasource named [master] success,
23:37:28.689 [SpringApplicationShutdownHook] INFO  c.b.d.d.DynamicRoutingDataSource - [destroy,221] - dynamic-datasource all closed success,bye
23:37:40.700 [main] INFO  c.a.n.c.e.SearchableProperties - [sortPropertySourceDefaultOrder,197] - properties search order:PROPERTIES->JVM->ENV->DEFAULT_SETTING
23:37:40.742 [background-preinit] INFO  o.h.v.i.util.Version - [<clinit>,21] - HV000001: Hibernate Validator 6.2.5.Final
23:37:40.989 [main] INFO  c.a.n.p.a.s.c.ClientAuthPluginManager - [init,56] - [ClientAuthPluginManager] Load ClientAuthService com.alibaba.nacos.client.auth.impl.NacosClientAuthServiceImpl success.
23:37:40.989 [main] INFO  c.a.n.p.a.s.c.ClientAuthPluginManager - [init,56] - [ClientAuthPluginManager] Load ClientAuthService com.alibaba.nacos.client.auth.ram.RamClientAuthServiceImpl success.
23:37:44.685 [main] INFO  c.r.s.RuoYiSystemApplication - [logStartupProfileInfo,638] - The following 1 profile is active: "dev"
