09:59:38.976 [reactor-http-nio-2] ERROR c.r.g.h.GatewayExceptionHandler - [handle,52] - [网关异常处理]请求路径:/api/v4/metadata,异常信息:404 NOT_FOUND
09:59:38.976 [reactor-http-nio-3] ERROR c.r.g.h.GatewayExceptionHandler - [handle,52] - [网关异常处理]请求路径:/api/v3/meta,异常信息:404 NOT_FOUND
11:02:44.729 [reactor-http-nio-5] ERROR c.r.g.h.GatewayExceptionHandler - [handle,52] - [网关异常处理]请求路径:/sendCode/13364444556,异常信息:404 NOT_FOUND
11:03:16.750 [reactor-http-nio-5] ERROR c.r.g.h.GatewayExceptionHandler - [handle,52] - [网关异常处理]请求路径:/account/sendCode/13364444556,异常信息:404 NOT_FOUND
11:07:44.495 [reactor-http-nio-5] ERROR c.r.g.f.AuthFilter - [unauthorizedResponse,104] - [鉴权异常处理]请求路径:/account/sendCode/13364444556
11:12:27.137 [reactor-http-nio-3] ERROR c.r.g.f.AuthFilter - [unauthorizedResponse,104] - [鉴权异常处理]请求路径:/account/sendCode/13364444556
11:12:27.173 [reactor-http-nio-5] ERROR c.r.g.h.GatewayExceptionHandler - [handle,52] - [网关异常处理]请求路径:/sendCode/,异常信息:404 NOT_FOUND
11:12:27.383 [boundedElastic-5] ERROR c.a.c.n.d.r.NacosReactiveDiscoveryClient - [lambda$getServices$3,94] - get services from nacos server fail,
com.alibaba.nacos.api.exception.NacosException: Client not connected, current status:UNHEALTHY
	at com.alibaba.nacos.common.remote.client.RpcClient.request(RpcClient.java:639)
	at com.alibaba.nacos.common.remote.client.RpcClient.request(RpcClient.java:619)
	at com.alibaba.nacos.client.naming.remote.gprc.NamingGrpcClientProxy.requestToServer(NamingGrpcClientProxy.java:356)
	at com.alibaba.nacos.client.naming.remote.gprc.NamingGrpcClientProxy.getServiceList(NamingGrpcClientProxy.java:282)
	at com.alibaba.nacos.client.naming.remote.NamingClientProxyDelegate.getServiceList(NamingClientProxyDelegate.java:162)
	at com.alibaba.nacos.client.naming.NacosNamingService.getServicesOfServer(NacosNamingService.java:461)
	at com.alibaba.nacos.client.naming.NacosNamingService.getServicesOfServer(NacosNamingService.java:449)
	at com.alibaba.cloud.nacos.discovery.NacosServiceDiscovery.getServices(NacosServiceDiscovery.java:70)
	at com.alibaba.cloud.nacos.discovery.reactive.NacosReactiveDiscoveryClient.lambda$getServices$3(NacosReactiveDiscoveryClient.java:87)
	at reactor.core.publisher.FluxDefer.subscribe(FluxDefer.java:46)
	at reactor.core.publisher.FluxSubscribeOn$SubscribeOnSubscriber.run(FluxSubscribeOn.java:194)
	at reactor.core.scheduler.WorkerTask.call(WorkerTask.java:84)
	at reactor.core.scheduler.WorkerTask.call(WorkerTask.java:37)
	at java.util.concurrent.FutureTask.run$$$capture(FutureTask.java:266)
	at java.util.concurrent.FutureTask.run(FutureTask.java)
	at java.util.concurrent.ScheduledThreadPoolExecutor$ScheduledFutureTask.access$201(ScheduledThreadPoolExecutor.java:180)
	at java.util.concurrent.ScheduledThreadPoolExecutor$ScheduledFutureTask.run(ScheduledThreadPoolExecutor.java:293)
	at java.util.concurrent.ThreadPoolExecutor.runWorker(ThreadPoolExecutor.java:1149)
	at java.util.concurrent.ThreadPoolExecutor$Worker.run(ThreadPoolExecutor.java:624)
	at java.lang.Thread.run(Thread.java:748)
11:12:27.383 [boundedElastic-10] ERROR c.a.c.n.d.r.NacosReactiveDiscoveryClient - [lambda$getServices$3,94] - get services from nacos server fail,
com.alibaba.nacos.api.exception.NacosException: Client not connected, current status:UNHEALTHY
	at com.alibaba.nacos.common.remote.client.RpcClient.request(RpcClient.java:639)
	at com.alibaba.nacos.common.remote.client.RpcClient.request(RpcClient.java:619)
	at com.alibaba.nacos.client.naming.remote.gprc.NamingGrpcClientProxy.requestToServer(NamingGrpcClientProxy.java:356)
	at com.alibaba.nacos.client.naming.remote.gprc.NamingGrpcClientProxy.getServiceList(NamingGrpcClientProxy.java:282)
	at com.alibaba.nacos.client.naming.remote.NamingClientProxyDelegate.getServiceList(NamingClientProxyDelegate.java:162)
	at com.alibaba.nacos.client.naming.NacosNamingService.getServicesOfServer(NacosNamingService.java:461)
	at com.alibaba.nacos.client.naming.NacosNamingService.getServicesOfServer(NacosNamingService.java:449)
	at com.alibaba.cloud.nacos.discovery.NacosServiceDiscovery.getServices(NacosServiceDiscovery.java:70)
	at com.alibaba.cloud.nacos.discovery.reactive.NacosReactiveDiscoveryClient.lambda$getServices$3(NacosReactiveDiscoveryClient.java:87)
	at reactor.core.publisher.FluxDefer.subscribe(FluxDefer.java:46)
	at reactor.core.publisher.FluxSubscribeOn$SubscribeOnSubscriber.run(FluxSubscribeOn.java:194)
	at reactor.core.scheduler.WorkerTask.call(WorkerTask.java:84)
	at reactor.core.scheduler.WorkerTask.call(WorkerTask.java:37)
	at java.util.concurrent.FutureTask.run$$$capture(FutureTask.java:266)
	at java.util.concurrent.FutureTask.run(FutureTask.java)
	at java.util.concurrent.ScheduledThreadPoolExecutor$ScheduledFutureTask.access$201(ScheduledThreadPoolExecutor.java:180)
	at java.util.concurrent.ScheduledThreadPoolExecutor$ScheduledFutureTask.run(ScheduledThreadPoolExecutor.java:293)
	at java.util.concurrent.ThreadPoolExecutor.runWorker(ThreadPoolExecutor.java:1149)
	at java.util.concurrent.ThreadPoolExecutor$Worker.run(ThreadPoolExecutor.java:624)
	at java.lang.Thread.run(Thread.java:748)
11:12:30.672 [reactor-http-nio-5] ERROR c.r.g.h.GatewayExceptionHandler - [handle,52] - [网关异常处理]请求路径:/sendCode/,异常信息:404 NOT_FOUND
11:12:51.464 [reactor-http-nio-5] ERROR c.r.g.f.AuthFilter - [unauthorizedResponse,104] - [鉴权异常处理]请求路径:/account/sendCode/
11:14:18.479 [reactor-http-nio-5] ERROR c.r.g.f.AuthFilter - [unauthorizedResponse,104] - [鉴权异常处理]请求路径:/account/sendCode/
11:25:21.127 [reactor-http-nio-3] ERROR c.r.g.f.AuthFilter - [unauthorizedResponse,104] - [鉴权异常处理]请求路径:/account/sendCode/13364444556
15:19:29.680 [boundedElastic-136] ERROR c.r.g.h.GatewayExceptionHandler - [handle,52] - [网关异常处理]请求路径:/code/gen/list,异常信息:503 SERVICE_UNAVAILABLE "Unable to find instance for ruoyi-gen"
